The following values were not passed to `accelerate launch` and had defaults used instead:
	`--num_machines` was set to a value of `1`
	`--num_cpu_threads_per_process` was set to `128` to improve out-of-box performance
To avoid this warning pass in values for each of the problematic parameters or run `accelerate config`.
I1111 12:56:43.390910 140223361065664 distributed_c10d.py:319] Added key: store_based_barrier_key:1 to store for rank: 1
I1111 12:56:43.428937 140382456611520 distributed_c10d.py:319] Added key: store_based_barrier_key:1 to store for rank: 0
I1111 12:56:43.440793 140113913234112 distributed_c10d.py:319] Added key: store_based_barrier_key:1 to store for rank: 3
I1111 12:56:43.451515 140557103006400 distributed_c10d.py:319] Added key: store_based_barrier_key:1 to store for rank: 2
I1111 12:56:43.452064 140223361065664 distributed_c10d.py:353] Rank 1: Completed store-based barrier for key:store_based_barrier_key:1 with 4 nodes.
I1111 12:56:43.452186 140557103006400 distributed_c10d.py:353] Rank 2: Completed store-based barrier for key:store_based_barrier_key:1 with 4 nodes.
I1111 12:56:43.459955 140382456611520 distributed_c10d.py:353] Rank 0: Completed store-based barrier for key:store_based_barrier_key:1 with 4 nodes.
I1111 12:56:43.461511 140113913234112 distributed_c10d.py:353] Rank 3: Completed store-based barrier for key:store_based_barrier_key:1 with 4 nodes.
I1111 12:56:43.662932 140223361065664 eval_t2i_discrete.py:33] Process 1 using device: cuda:1
I1111 12:56:43.664669 140557103006400 eval_t2i_discrete.py:33] Process 2 using device: cuda:2
I1111 12:56:43.665449 140113913234112 eval_t2i_discrete.py:33] Process 3 using device: cuda:3
I1111 12:56:43.665538 140382456611520 eval_t2i_discrete.py:33] Process 0 using device: cuda:0
Prepare dataset...
Prepare dataset ok
prepare the dataset for classifier free guidance with p_uncond=0.1
attention mode is math
2024-11-11 12:56:54,380 - eval_t2i_discrete.py - load nnet from U-ViT/workdir/mscoco_uvit_small_np_0_last_new/default/ckpts/900000.ckpt/nnet_ema.pth
Create autoencoder with scale_factor=0.2301
making attention of type 'vanilla' with 512 in_channels
Working with z of shape (1, 4, 32, 32) = 4096 dimensions.
making attention of type 'vanilla' with 512 in_channels
2024-11-11 12:58:14,184 - eval_t2i_discrete.py - cfg: true
mini_batch_size: 50
n_samples: 30000
path: workdir/mscoco_uvit_small_np_0_last_new/eval_samples/
sample_steps: 50
scale: 1.0

2024-11-11 12:58:14,185 - eval_t2i_discrete.py - sample: n_samples=30000, mode=t2i, mixed_precision=fp16
2024-11-11 12:58:14,186 - eval_t2i_discrete.py - Samples are saved in workdir/mscoco_uvit_small_np_0_last_new/eval_samples/

sample2dir:   0%|          | 0/150 [00:00<?, ?it/s]
sample2dir:   1%|          | 1/150 [00:39<1:38:26, 39.64s/it]
sample2dir:   1%|▏         | 2/150 [01:02<1:13:11, 29.67s/it]
sample2dir:   2%|▏         | 3/150 [01:24<1:04:25, 26.29s/it]
sample2dir:   3%|▎         | 4/150 [01:46<59:48, 24.58s/it]  
sample2dir:   3%|▎         | 5/150 [02:08<57:15, 23.69s/it]
sample2dir:   4%|▍         | 6/150 [02:30<55:27, 23.11s/it]
sample2dir:   5%|▍         | 7/150 [02:52<53:59, 22.65s/it]
sample2dir:   5%|▌         | 8/150 [03:15<53:39, 22.67s/it]
sample2dir:   6%|▌         | 9/150 [03:37<53:00, 22.56s/it]
sample2dir:   7%|▋         | 10/150 [04:00<52:42, 22.59s/it]
sample2dir:   7%|▋         | 11/150 [04:22<52:07, 22.50s/it]
sample2dir:   8%|▊         | 12/150 [04:44<51:20, 22.32s/it]
sample2dir:   9%|▊         | 13/150 [05:06<50:44, 22.22s/it]
sample2dir:   9%|▉         | 14/150 [05:28<50:18, 22.20s/it]
sample2dir:  10%|█         | 15/150 [05:50<49:50, 22.15s/it]
sample2dir:  11%|█         | 16/150 [06:13<49:49, 22.31s/it]
sample2dir:  11%|█▏        | 17/150 [06:35<49:26, 22.31s/it]
sample2dir:  12%|█▏        | 18/150 [06:57<48:57, 22.26s/it]
sample2dir:  13%|█▎        | 19/150 [07:19<48:34, 22.25s/it]
sample2dir:  13%|█▎        | 20/150 [07:42<48:15, 22.28s/it]
sample2dir:  14%|█▍        | 21/150 [08:04<47:56, 22.30s/it]
sample2dir:  15%|█▍        | 22/150 [08:27<48:02, 22.52s/it]
sample2dir:  15%|█▌        | 23/150 [08:50<47:54, 22.63s/it]
sample2dir:  16%|█▌        | 24/150 [09:12<47:23, 22.57s/it]
sample2dir:  17%|█▋        | 25/150 [09:35<46:55, 22.52s/it]
sample2dir:  17%|█▋        | 26/150 [09:57<46:21, 22.43s/it]
sample2dir:  18%|█▊        | 27/150 [10:19<45:39, 22.27s/it]
sample2dir:  19%|█▊        | 28/150 [10:41<45:00, 22.13s/it]
sample2dir:  19%|█▉        | 29/150 [11:04<45:12, 22.42s/it]
sample2dir:  20%|██        | 30/150 [11:26<44:45, 22.38s/it]
sample2dir:  21%|██        | 31/150 [11:48<44:18, 22.34s/it]
sample2dir:  21%|██▏       | 32/150 [12:11<43:53, 22.32s/it]
sample2dir:  22%|██▏       | 33/150 [12:32<43:16, 22.19s/it]
sample2dir:  23%|██▎       | 34/150 [12:55<43:06, 22.30s/it]
sample2dir:  23%|██▎       | 35/150 [13:17<42:51, 22.36s/it]
sample2dir:  24%|██▍       | 36/150 [13:39<42:16, 22.25s/it]
sample2dir:  25%|██▍       | 37/150 [14:02<41:57, 22.28s/it]
sample2dir:  25%|██▌       | 38/150 [14:24<41:21, 22.16s/it]
sample2dir:  26%|██▌       | 39/150 [14:46<41:01, 22.17s/it]
sample2dir:  27%|██▋       | 40/150 [15:08<40:49, 22.27s/it]
sample2dir:  27%|██▋       | 41/150 [15:31<40:26, 22.27s/it]
sample2dir:  28%|██▊       | 42/150 [15:53<40:04, 22.26s/it]
sample2dir:  29%|██▊       | 43/150 [16:15<39:26, 22.12s/it]
sample2dir:  29%|██▉       | 44/150 [16:37<38:59, 22.07s/it]
sample2dir:  30%|███       | 45/150 [17:00<39:06, 22.34s/it]
sample2dir:  31%|███       | 46/150 [17:22<38:40, 22.32s/it]
sample2dir:  31%|███▏      | 47/150 [17:44<38:14, 22.28s/it]
sample2dir:  32%|███▏      | 48/150 [18:06<37:42, 22.18s/it]
sample2dir:  33%|███▎      | 49/150 [18:28<37:13, 22.11s/it]
sample2dir:  33%|███▎      | 50/150 [18:51<37:10, 22.31s/it]
sample2dir:  34%|███▍      | 51/150 [19:13<36:46, 22.29s/it]
sample2dir:  35%|███▍      | 52/150 [19:35<36:21, 22.26s/it]
sample2dir:  35%|███▌      | 53/150 [19:58<36:08, 22.36s/it]
sample2dir:  36%|███▌      | 54/150 [20:19<35:25, 22.14s/it]
sample2dir:  37%|███▋      | 55/150 [20:42<35:03, 22.14s/it]
sample2dir:  37%|███▋      | 56/150 [21:04<34:50, 22.23s/it]
sample2dir:  38%|███▊      | 57/150 [21:26<34:21, 22.17s/it]
sample2dir:  39%|███▊      | 58/150 [21:48<33:55, 22.13s/it]
sample2dir:  39%|███▉      | 59/150 [22:10<33:26, 22.05s/it]
sample2dir:  40%|████      | 60/150 [22:32<33:08, 22.09s/it]
sample2dir:  41%|████      | 61/150 [22:55<33:04, 22.30s/it]
sample2dir:  41%|████▏     | 62/150 [23:17<32:41, 22.29s/it]
sample2dir:  42%|████▏     | 63/150 [23:40<32:21, 22.31s/it]
sample2dir:  43%|████▎     | 64/150 [24:01<31:49, 22.20s/it]
sample2dir:  43%|████▎     | 65/150 [24:24<31:26, 22.20s/it]
sample2dir:  44%|████▍     | 66/150 [24:47<31:33, 22.55s/it]
sample2dir:  45%|████▍     | 67/150 [25:11<31:41, 22.91s/it]
sample2dir:  45%|████▌     | 68/150 [25:35<31:43, 23.21s/it]
sample2dir:  46%|████▌     | 69/150 [25:58<31:15, 23.15s/it]
sample2dir:  47%|████▋     | 70/150 [26:21<30:53, 23.17s/it]
sample2dir:  47%|████▋     | 71/150 [26:44<30:38, 23.27s/it]
sample2dir:  48%|████▊     | 72/150 [27:08<30:11, 23.23s/it]
sample2dir:  49%|████▊     | 73/150 [27:31<29:59, 23.37s/it]
sample2dir:  49%|████▉     | 74/150 [27:55<29:37, 23.38s/it]
sample2dir:  50%|█████     | 75/150 [28:18<29:16, 23.42s/it]
sample2dir:  51%|█████     | 76/150 [28:42<28:52, 23.42s/it]
sample2dir:  51%|█████▏    | 77/150 [29:06<28:44, 23.62s/it]
sample2dir:  52%|█████▏    | 78/150 [29:29<28:24, 23.67s/it]
sample2dir:  53%|█████▎    | 79/150 [29:53<27:51, 23.54s/it]
sample2dir:  53%|█████▎    | 80/150 [30:16<27:15, 23.36s/it]
sample2dir:  54%|█████▍    | 81/150 [30:39<26:48, 23.31s/it]
sample2dir:  55%|█████▍    | 82/150 [31:02<26:24, 23.31s/it]
sample2dir:  55%|█████▌    | 83/150 [31:25<25:56, 23.23s/it]
sample2dir:  56%|█████▌    | 84/150 [31:48<25:16, 22.98s/it]
sample2dir:  57%|█████▋    | 85/150 [32:12<25:14, 23.31s/it]
sample2dir:  57%|█████▋    | 86/150 [32:33<24:23, 22.86s/it]
sample2dir:  58%|█████▊    | 87/150 [32:56<23:52, 22.74s/it]
sample2dir:  59%|█████▊    | 88/150 [33:20<23:45, 23.00s/it]
sample2dir:  59%|█████▉    | 89/150 [33:43<23:35, 23.21s/it]
sample2dir:  60%|██████    | 90/150 [34:07<23:26, 23.44s/it]
sample2dir:  61%|██████    | 91/150 [34:36<24:34, 25.00s/it]
sample2dir:  61%|██████▏   | 92/150 [35:05<25:28, 26.35s/it]
sample2dir:  62%|██████▏   | 93/150 [35:34<25:43, 27.08s/it]
sample2dir:  63%|██████▎   | 94/150 [36:03<25:50, 27.69s/it]
sample2dir:  63%|██████▎   | 95/150 [36:31<25:32, 27.85s/it]
sample2dir:  64%|██████▍   | 96/150 [37:00<25:21, 28.18s/it]
sample2dir:  65%|██████▍   | 97/150 [37:30<25:11, 28.52s/it]
sample2dir:  65%|██████▌   | 98/150 [37:59<24:50, 28.66s/it]
sample2dir:  66%|██████▌   | 99/150 [38:27<24:15, 28.53s/it]
sample2dir:  67%|██████▋   | 100/150 [38:56<23:59, 28.79s/it]
sample2dir:  67%|██████▋   | 101/150 [39:25<23:22, 28.63s/it]
sample2dir:  68%|██████▊   | 102/150 [39:53<22:48, 28.51s/it]
sample2dir:  69%|██████▊   | 103/150 [40:22<22:31, 28.76s/it]
sample2dir:  69%|██████▉   | 104/150 [40:50<21:45, 28.38s/it]
sample2dir:  70%|███████   | 105/150 [41:19<21:24, 28.54s/it]
sample2dir:  71%|███████   | 106/150 [41:47<21:00, 28.65s/it]
sample2dir:  71%|███████▏  | 107/150 [42:16<20:34, 28.71s/it]
sample2dir:  72%|███████▏  | 108/150 [42:45<20:05, 28.70s/it]
sample2dir:  73%|███████▎  | 109/150 [43:14<19:40, 28.79s/it]
sample2dir:  73%|███████▎  | 110/150 [43:43<19:17, 28.94s/it]
sample2dir:  74%|███████▍  | 111/150 [44:12<18:50, 29.00s/it]
sample2dir:  75%|███████▍  | 112/150 [44:41<18:19, 28.94s/it]
sample2dir:  75%|███████▌  | 113/150 [45:10<17:51, 28.97s/it]
sample2dir:  76%|███████▌  | 114/150 [45:39<17:18, 28.84s/it]
sample2dir:  77%|███████▋  | 115/150 [46:08<16:56, 29.03s/it]
sample2dir:  77%|███████▋  | 116/150 [46:38<16:33, 29.22s/it]
sample2dir:  78%|███████▊  | 117/150 [47:07<16:04, 29.22s/it]
sample2dir:  79%|███████▊  | 118/150 [47:36<15:33, 29.18s/it]
sample2dir:  79%|███████▉  | 119/150 [48:06<15:10, 29.36s/it]
sample2dir:  80%|████████  | 120/150 [48:35<14:39, 29.33s/it]
sample2dir:  81%|████████  | 121/150 [49:04<14:02, 29.05s/it]
sample2dir:  81%|████████▏ | 122/150 [49:32<13:25, 28.79s/it]
sample2dir:  82%|████████▏ | 123/150 [50:01<13:01, 28.96s/it]
sample2dir:  83%|████████▎ | 124/150 [50:30<12:33, 28.97s/it]
sample2dir:  83%|████████▎ | 125/150 [50:59<12:00, 28.83s/it]
sample2dir:  84%|████████▍ | 126/150 [51:28<11:31, 28.82s/it]
sample2dir:  85%|████████▍ | 127/150 [51:56<11:00, 28.73s/it]
sample2dir:  85%|████████▌ | 128/150 [52:25<10:30, 28.67s/it]
sample2dir:  86%|████████▌ | 129/150 [52:54<10:06, 28.90s/it]
sample2dir:  87%|████████▋ | 130/150 [53:23<09:38, 28.92s/it]
sample2dir:  87%|████████▋ | 131/150 [53:52<09:08, 28.84s/it]
sample2dir:  88%|████████▊ | 132/150 [54:20<08:36, 28.71s/it]
sample2dir:  89%|████████▊ | 133/150 [54:49<08:10, 28.86s/it]
sample2dir:  89%|████████▉ | 134/150 [55:18<07:41, 28.87s/it]
sample2dir:  90%|█████████ | 135/150 [55:46<07:09, 28.62s/it]
sample2dir:  91%|█████████ | 136/150 [56:16<06:44, 28.90s/it]
sample2dir:  91%|█████████▏| 137/150 [56:44<06:12, 28.69s/it]
sample2dir:  92%|█████████▏| 138/150 [57:13<05:44, 28.71s/it]
sample2dir:  93%|█████████▎| 139/150 [57:41<05:14, 28.63s/it]
sample2dir:  93%|█████████▎| 140/150 [58:10<04:45, 28.59s/it]
sample2dir:  94%|█████████▍| 141/150 [58:39<04:19, 28.82s/it]
sample2dir:  95%|█████████▍| 142/150 [59:08<03:52, 29.01s/it]
sample2dir:  95%|█████████▌| 143/150 [59:38<03:23, 29.14s/it]
sample2dir:  96%|█████████▌| 144/150 [1:00:07<02:54, 29.15s/it]
sample2dir:  97%|█████████▋| 145/150 [1:00:37<02:26, 29.30s/it]
sample2dir:  97%|█████████▋| 146/150 [1:01:05<01:56, 29.14s/it]
sample2dir:  98%|█████████▊| 147/150 [1:01:35<01:27, 29.12s/it]
sample2dir:  99%|█████████▊| 148/150 [1:02:04<00:58, 29.09s/it]
sample2dir:  99%|█████████▉| 149/150 [1:02:32<00:28, 28.89s/it]
sample2dir: 100%|██████████| 150/150 [1:03:00<00:00, 28.56s/it]
sample2dir: 100%|██████████| 150/150 [1:03:00<00:00, 25.20s/it]
/miniconda3/envs/uvit/lib/python3.9/site-packages/torchvision/models/_utils.py:208: UserWarning: The parameter 'pretrained' is deprecated since 0.13 and may be removed in the future, please use 'weights' instead.
  warnings.warn(
/miniconda3/envs/uvit/lib/python3.9/site-packages/torchvision/models/_utils.py:223: UserWarning: Arguments other than a weight enum or `None` for 'weights' are deprecated since 0.13 and may be removed in the future. The current behavior is equivalent to passing `weights=None`.
  warnings.warn(msg)

  0%|          | 0/600 [00:00<?, ?it/s]
  0%|          | 1/600 [00:26<4:28:13, 26.87s/it]
  0%|          | 2/600 [00:27<1:52:48, 11.32s/it]
  1%|          | 5/600 [00:27<32:10,  3.25s/it]  
  1%|▏         | 8/600 [00:27<16:42,  1.69s/it]
  2%|▏         | 10/600 [00:37<25:45,  2.62s/it]
  2%|▏         | 13/600 [00:37<15:48,  1.62s/it]
  3%|▎         | 16/600 [00:38<10:33,  1.08s/it]
  3%|▎         | 17/600 [00:47<21:56,  2.26s/it]
  3%|▎         | 18/600 [00:47<18:14,  1.88s/it]
  4%|▎         | 21/600 [00:47<10:35,  1.10s/it]
  4%|▍         | 24/600 [00:48<07:21,  1.30it/s]
  4%|▍         | 25/600 [00:56<19:25,  2.03s/it]
  4%|▍         | 26/600 [00:57<16:10,  1.69s/it]
  5%|▍         | 29/600 [00:57<09:15,  1.03it/s]
  5%|▌         | 32/600 [00:57<05:52,  1.61it/s]
  6%|▌         | 34/600 [01:07<16:31,  1.75s/it]
  6%|▌         | 37/600 [01:07<10:35,  1.13s/it]
  7%|▋         | 40/600 [01:07<07:02,  1.32it/s]
  7%|▋         | 42/600 [01:15<14:13,  1.53s/it]
  8%|▊         | 45/600 [01:15<09:23,  1.02s/it]
  8%|▊         | 48/600 [01:15<06:21,  1.45it/s]
  8%|▊         | 50/600 [01:26<16:33,  1.81s/it]
  9%|▉         | 53/600 [01:26<11:00,  1.21s/it]
  9%|▉         | 56/600 [01:26<07:29,  1.21it/s]
 10%|▉         | 59/600 [01:36<14:51,  1.65s/it]
 10%|█         | 62/600 [01:36<10:16,  1.15s/it]
 11%|█         | 65/600 [01:46<15:36,  1.75s/it]
 11%|█         | 67/600 [01:46<12:16,  1.38s/it]
 12%|█▏        | 70/600 [01:46<08:19,  1.06it/s]
 12%|█▏        | 72/600 [01:46<06:47,  1.30it/s]
 12%|█▏        | 74/600 [01:57<16:27,  1.88s/it]
 13%|█▎        | 77/600 [01:57<10:43,  1.23s/it]
 13%|█▎        | 80/600 [01:57<07:12,  1.20it/s]
 14%|█▎        | 82/600 [02:07<16:18,  1.89s/it]
 14%|█▍        | 85/600 [02:07<10:47,  1.26s/it]
 15%|█▍        | 88/600 [02:08<07:29,  1.14it/s]
 15%|█▌        | 90/600 [02:18<15:55,  1.87s/it]
 16%|█▌        | 93/600 [02:18<10:36,  1.26s/it]
 16%|█▌        | 96/600 [02:18<07:15,  1.16it/s]
 16%|█▋        | 98/600 [02:27<14:38,  1.75s/it]
 17%|█▋        | 101/600 [02:27<09:46,  1.18s/it]
 17%|█▋        | 104/600 [02:28<06:39,  1.24it/s]
 18%|█▊        | 106/600 [02:38<15:12,  1.85s/it]
 18%|█▊        | 109/600 [02:38<10:09,  1.24s/it]
 19%|█▊        | 112/600 [02:38<06:54,  1.18it/s]
 19%|█▉        | 115/600 [02:49<14:08,  1.75s/it]
 20%|█▉        | 118/600 [02:49<09:46,  1.22s/it]
 20%|██        | 121/600 [02:59<14:32,  1.82s/it]
 20%|██        | 123/600 [03:00<11:58,  1.51s/it]
 21%|██        | 126/600 [03:00<08:06,  1.03s/it]
 22%|██▏       | 129/600 [03:09<12:57,  1.65s/it]
 22%|██▏       | 131/600 [03:11<11:32,  1.48s/it]
 22%|██▏       | 134/600 [03:11<07:45,  1.00it/s]
 23%|██▎       | 137/600 [03:20<12:54,  1.67s/it]
 23%|██▎       | 138/600 [03:22<12:44,  1.65s/it]
 24%|██▎       | 141/600 [03:22<08:10,  1.07s/it]
 24%|██▍       | 144/600 [03:22<05:26,  1.40it/s]
 24%|██▍       | 146/600 [03:32<13:31,  1.79s/it]
 25%|██▍       | 149/600 [03:32<08:54,  1.19s/it]
 25%|██▌       | 152/600 [03:32<06:01,  1.24it/s]
 26%|██▌       | 155/600 [03:43<12:13,  1.65s/it]
 26%|██▋       | 158/600 [03:43<08:25,  1.14s/it]
 27%|██▋       | 161/600 [03:51<11:52,  1.62s/it]
 27%|██▋       | 163/600 [03:53<11:23,  1.56s/it]
 28%|██▊       | 166/600 [03:54<07:41,  1.06s/it]
 28%|██▊       | 169/600 [04:01<11:13,  1.56s/it]
 28%|██▊       | 171/600 [04:04<10:39,  1.49s/it]
 29%|██▉       | 174/600 [04:04<07:09,  1.01s/it]
 30%|██▉       | 177/600 [04:12<10:29,  1.49s/it]
 30%|██▉       | 178/600 [04:14<11:29,  1.63s/it]
 30%|███       | 181/600 [04:14<07:22,  1.06s/it]
 31%|███       | 184/600 [04:14<04:54,  1.41it/s]
 31%|███       | 184/600 [04:24<04:54,  1.41it/s]
 31%|███       | 186/600 [04:25<12:15,  1.78s/it]
 32%|███▏      | 189/600 [04:25<08:04,  1.18s/it]
 32%|███▏      | 192/600 [04:25<05:26,  1.25it/s]
 32%|███▎      | 195/600 [04:35<11:05,  1.64s/it]
 33%|███▎      | 198/600 [04:35<07:37,  1.14s/it]
 34%|███▎      | 201/600 [04:42<10:10,  1.53s/it]
 34%|███▍      | 203/600 [04:45<09:53,  1.49s/it]
 34%|███▍      | 206/600 [04:45<06:40,  1.02s/it]
 35%|███▍      | 209/600 [04:53<09:37,  1.48s/it]
 35%|███▌      | 211/600 [04:56<09:35,  1.48s/it]
 36%|███▌      | 214/600 [04:56<06:25,  1.00it/s]
 36%|███▌      | 217/600 [05:03<09:01,  1.41s/it]
 36%|███▋      | 218/600 [05:05<10:11,  1.60s/it]
 37%|███▋      | 221/600 [05:05<06:31,  1.03s/it]
 37%|███▋      | 224/600 [05:06<04:20,  1.44it/s]
 38%|███▊      | 226/600 [05:15<10:50,  1.74s/it]
 38%|███▊      | 229/600 [05:16<07:08,  1.15s/it]
 39%|███▊      | 232/600 [05:16<04:48,  1.27it/s]
 39%|███▉      | 234/600 [05:26<11:20,  1.86s/it]
 40%|███▉      | 237/600 [05:26<07:31,  1.24s/it]
 40%|████      | 240/600 [05:27<05:05,  1.18it/s]
 40%|████      | 243/600 [05:37<09:57,  1.67s/it]
 41%|████      | 246/600 [05:37<06:51,  1.16s/it]
 42%|████▏     | 249/600 [05:44<09:05,  1.56s/it]
 42%|████▏     | 251/600 [05:48<09:13,  1.59s/it]
 42%|████▏     | 254/600 [05:48<06:13,  1.08s/it]
 43%|████▎     | 257/600 [05:55<08:21,  1.46s/it]
 43%|████▎     | 259/600 [05:58<08:34,  1.51s/it]
 44%|████▎     | 262/600 [05:58<05:45,  1.02s/it]
 44%|████▍     | 265/600 [06:05<08:05,  1.45s/it]
 44%|████▍     | 266/600 [06:07<08:36,  1.55s/it]
 45%|████▍     | 269/600 [06:07<05:31,  1.00s/it]
 45%|████▌     | 272/600 [06:08<03:40,  1.49it/s]
 46%|████▌     | 274/600 [06:14<07:17,  1.34s/it]
 46%|████▌     | 277/600 [06:14<04:48,  1.12it/s]
 47%|████▋     | 280/600 [06:15<03:15,  1.64it/s]
 47%|████▋     | 282/600 [06:18<04:46,  1.11it/s]
 48%|████▊     | 285/600 [06:18<03:11,  1.64it/s]
 48%|████▊     | 288/600 [06:18<02:11,  2.36it/s]
 48%|████▊     | 290/600 [06:22<03:50,  1.35it/s]
 49%|████▉     | 293/600 [06:22<02:35,  1.97it/s]
 49%|████▉     | 296/600 [06:22<01:48,  2.81it/s]
 50%|████▉     | 298/600 [06:26<03:42,  1.36it/s]
 50%|█████     | 301/600 [06:26<02:30,  1.99it/s]
 51%|█████     | 304/600 [06:26<01:43,  2.85it/s]
 51%|█████     | 306/600 [06:30<03:13,  1.52it/s]
 52%|█████▏    | 309/600 [06:30<02:11,  2.22it/s]
 52%|█████▏    | 312/600 [06:30<01:31,  3.15it/s]
 52%|█████▏    | 314/600 [06:34<03:18,  1.44it/s]
 53%|█████▎    | 317/600 [06:34<02:14,  2.11it/s]
 53%|█████▎    | 319/600 [06:34<01:46,  2.64it/s]
 54%|█████▎    | 321/600 [06:35<01:57,  2.37it/s]
 54%|█████▍    | 323/600 [06:38<03:01,  1.52it/s]
 54%|█████▍    | 326/600 [06:38<02:00,  2.28it/s]
 55%|█████▍    | 329/600 [06:39<01:46,  2.55it/s]
 55%|█████▌    | 330/600 [06:41<02:59,  1.50it/s]
 56%|█████▌    | 333/600 [06:41<01:54,  2.32it/s]
 56%|█████▌    | 335/600 [06:41<01:28,  3.00it/s]
 56%|█████▌    | 337/600 [06:43<01:50,  2.38it/s]
 56%|█████▋    | 338/600 [06:47<04:28,  1.02s/it]
 57%|█████▋    | 341/600 [06:47<02:40,  1.62it/s]
 57%|█████▋    | 343/600 [06:47<01:58,  2.17it/s]
 57%|█████▊    | 345/600 [06:50<03:00,  1.41it/s]
 58%|█████▊    | 346/600 [06:57<07:55,  1.87s/it]
 58%|█████▊    | 349/600 [06:57<04:36,  1.10s/it]
 59%|█████▊    | 352/600 [06:58<02:54,  1.42it/s]
 59%|█████▉    | 354/600 [07:06<06:47,  1.66s/it]
 60%|█████▉    | 357/600 [07:06<04:20,  1.07s/it]
 60%|██████    | 360/600 [07:06<02:53,  1.39it/s]
 60%|██████    | 362/600 [07:13<05:16,  1.33s/it]
 61%|██████    | 365/600 [07:13<03:28,  1.13it/s]
 61%|██████▏   | 368/600 [07:13<02:20,  1.65it/s]
 62%|██████▏   | 370/600 [07:16<03:11,  1.20it/s]
 62%|██████▏   | 373/600 [07:16<02:08,  1.77it/s]
 63%|██████▎   | 376/600 [07:16<01:28,  2.53it/s]
 63%|██████▎   | 378/600 [07:20<02:31,  1.47it/s]
 64%|██████▎   | 381/600 [07:20<01:42,  2.14it/s]
 64%|██████▍   | 384/600 [07:20<01:10,  3.05it/s]
 64%|██████▍   | 386/600 [07:23<02:06,  1.69it/s]
 65%|██████▍   | 389/600 [07:23<01:25,  2.46it/s]
 65%|██████▌   | 392/600 [07:23<00:59,  3.48it/s]
 66%|██████▌   | 394/600 [07:26<01:59,  1.73it/s]
 66%|██████▌   | 397/600 [07:26<01:20,  2.52it/s]
 67%|██████▋   | 400/600 [07:26<00:56,  3.55it/s]
 67%|██████▋   | 402/600 [07:29<01:54,  1.74it/s]
 68%|██████▊   | 405/600 [07:29<01:17,  2.53it/s]
 68%|██████▊   | 408/600 [07:30<00:53,  3.57it/s]
 68%|██████▊   | 411/600 [07:39<03:36,  1.14s/it]
 69%|██████▉   | 414/600 [07:39<02:28,  1.25it/s]
 70%|██████▉   | 417/600 [07:39<01:43,  1.77it/s]
 70%|███████   | 420/600 [07:51<04:48,  1.60s/it]
 70%|███████   | 423/600 [07:51<03:19,  1.13s/it]
 71%|███████   | 426/600 [08:02<05:33,  1.92s/it]
 72%|███████▏  | 429/600 [08:02<03:50,  1.35s/it]
 72%|███████▏  | 432/600 [08:02<02:40,  1.05it/s]
 72%|███████▎  | 435/600 [08:13<04:51,  1.77s/it]
 73%|███████▎  | 438/600 [08:13<03:22,  1.25s/it]
 74%|███████▎  | 441/600 [08:13<02:20,  1.13it/s]
 74%|███████▎  | 441/600 [08:24<02:20,  1.13it/s]
 74%|███████▍  | 443/600 [08:24<05:00,  1.91s/it]
 74%|███████▍  | 446/600 [08:25<03:21,  1.31s/it]
 75%|███████▍  | 449/600 [08:25<02:16,  1.10it/s]
 75%|███████▌  | 452/600 [08:35<04:13,  1.71s/it]
 76%|███████▌  | 455/600 [08:35<02:53,  1.20s/it]
 76%|███████▋  | 458/600 [08:46<04:36,  1.95s/it]
 77%|███████▋  | 461/600 [08:46<03:10,  1.37s/it]
 77%|███████▋  | 464/600 [08:47<02:11,  1.03it/s]
 78%|███████▊  | 467/600 [08:57<03:55,  1.77s/it]
 78%|███████▊  | 470/600 [08:58<02:42,  1.25s/it]
 79%|███████▉  | 473/600 [08:58<01:52,  1.13it/s]
 79%|███████▉  | 476/600 [09:08<03:30,  1.70s/it]
 80%|███████▉  | 479/600 [09:09<02:25,  1.20s/it]
 80%|████████  | 482/600 [09:20<03:49,  1.95s/it]
 81%|████████  | 485/600 [09:20<02:38,  1.37s/it]
 81%|████████▏ | 488/600 [09:20<01:49,  1.03it/s]
 82%|████████▏ | 491/600 [09:31<03:12,  1.76s/it]
 82%|████████▏ | 494/600 [09:31<02:11,  1.25s/it]
 83%|████████▎ | 497/600 [09:31<01:30,  1.13it/s]
 83%|████████▎ | 500/600 [09:42<02:48,  1.69s/it]
 84%|████████▍ | 503/600 [09:42<01:55,  1.19s/it]
 84%|████████▍ | 506/600 [09:53<03:04,  1.96s/it]
 85%|████████▍ | 509/600 [09:53<02:05,  1.38s/it]
 85%|████████▌ | 512/600 [09:53<01:26,  1.02it/s]
 86%|████████▌ | 515/600 [10:04<02:26,  1.73s/it]
 86%|████████▋ | 518/600 [10:04<01:40,  1.22s/it]
 87%|████████▋ | 521/600 [10:04<01:08,  1.16it/s]
 87%|████████▋ | 521/600 [10:14<01:08,  1.16it/s]
 87%|████████▋ | 524/600 [10:14<02:07,  1.67s/it]
 88%|████████▊ | 527/600 [10:15<01:26,  1.18s/it]
 88%|████████▊ | 530/600 [10:25<02:10,  1.87s/it]
 89%|████████▉ | 533/600 [10:25<01:28,  1.32s/it]
 89%|████████▉ | 536/600 [10:25<00:59,  1.07it/s]
 90%|████████▉ | 539/600 [10:36<01:47,  1.76s/it]
 90%|█████████ | 542/600 [10:36<01:12,  1.24s/it]
 91%|█████████ | 545/600 [10:37<00:48,  1.13it/s]
 91%|█████████▏| 548/600 [10:47<01:25,  1.65s/it]
 92%|█████████▏| 551/600 [10:47<00:57,  1.17s/it]
 92%|█████████▏| 554/600 [10:58<01:28,  1.93s/it]
 93%|█████████▎| 557/600 [10:58<00:58,  1.36s/it]
 93%|█████████▎| 560/600 [10:58<00:38,  1.04it/s]
 94%|█████████▍| 563/600 [11:09<01:04,  1.74s/it]
 94%|█████████▍| 566/600 [11:09<00:41,  1.23s/it]
 95%|█████████▍| 569/600 [11:09<00:26,  1.15it/s]
 95%|█████████▌| 572/600 [11:20<00:47,  1.69s/it]
 96%|█████████▌| 575/600 [11:20<00:29,  1.20s/it]
 96%|█████████▋| 578/600 [11:31<00:42,  1.94s/it]
 97%|█████████▋| 581/600 [11:31<00:25,  1.37s/it]
 97%|█████████▋| 584/600 [11:31<00:15,  1.03it/s]
 98%|█████████▊| 587/600 [11:42<00:22,  1.71s/it]
 98%|█████████▊| 590/600 [11:42<00:12,  1.21s/it]
 99%|█████████▉| 593/600 [11:42<00:05,  1.17it/s]
 99%|█████████▉| 596/600 [11:48<00:04,  1.21s/it]
100%|█████████▉| 599/600 [11:48<00:00,  1.17it/s]
100%|██████████| 600/600 [11:49<00:00,  1.18s/it]
2024-11-11 14:13:14,006 - eval_t2i_discrete.py - nnet_path=U-ViT/workdir/mscoco_uvit_small_np_0_last_new/default/ckpts/900000.ckpt/nnet_ema.pth, fid=5.855406092732153
