The following values were not passed to `accelerate launch` and had defaults used instead:
	`--num_machines` was set to a value of `1`
	`--num_cpu_threads_per_process` was set to `128` to improve out-of-box performance
To avoid this warning pass in values for each of the problematic parameters or run `accelerate config`.
I1111 12:57:03.458431 139789441032896 distributed_c10d.py:319] Added key: store_based_barrier_key:1 to store for rank: 3
I1111 12:57:03.520869 140150726693568 distributed_c10d.py:319] Added key: store_based_barrier_key:1 to store for rank: 1
I1111 12:57:03.527609 140193902006976 distributed_c10d.py:319] Added key: store_based_barrier_key:1 to store for rank: 0
I1111 12:57:03.540557 139985297724096 distributed_c10d.py:319] Added key: store_based_barrier_key:1 to store for rank: 2
I1111 12:57:03.541212 139985297724096 distributed_c10d.py:353] Rank 2: Completed store-based barrier for key:store_based_barrier_key:1 with 4 nodes.
I1111 12:57:03.541513 140150726693568 distributed_c10d.py:353] Rank 1: Completed store-based barrier for key:store_based_barrier_key:1 with 4 nodes.
I1111 12:57:03.548247 140193902006976 distributed_c10d.py:353] Rank 0: Completed store-based barrier for key:store_based_barrier_key:1 with 4 nodes.
I1111 12:57:03.550331 139789441032896 distributed_c10d.py:353] Rank 3: Completed store-based barrier for key:store_based_barrier_key:1 with 4 nodes.
I1111 12:57:03.833026 140150726693568 eval_t2i_discrete.py:33] Process 1 using device: cuda:1
I1111 12:57:03.836740 139985297724096 eval_t2i_discrete.py:33] Process 2 using device: cuda:2
I1111 12:57:03.852059 140193902006976 eval_t2i_discrete.py:33] Process 0 using device: cuda:0
I1111 12:57:03.852341 139789441032896 eval_t2i_discrete.py:33] Process 3 using device: cuda:3
Prepare dataset...
Prepare dataset ok
prepare the dataset for classifier free guidance with p_uncond=0.1
attention mode is math
2024-11-11 12:57:14,272 - eval_t2i_discrete.py - load nnet from U-ViT/workdir/mscoco_uvit_small/default/ckpts/850000.ckpt/nnet_ema.pth
Create autoencoder with scale_factor=0.2301
making attention of type 'vanilla' with 512 in_channels
Working with z of shape (1, 4, 32, 32) = 4096 dimensions.
making attention of type 'vanilla' with 512 in_channels
2024-11-11 12:58:14,214 - eval_t2i_discrete.py - cfg: true
mini_batch_size: 50
n_samples: 30000
path: workdir/mscoco_uvit_small/eval_samples/
sample_steps: 50
scale: 1.0

2024-11-11 12:58:14,215 - eval_t2i_discrete.py - sample: n_samples=30000, mode=t2i, mixed_precision=fp16
2024-11-11 12:58:14,215 - eval_t2i_discrete.py - Samples are saved in workdir/mscoco_uvit_small/eval_samples/

sample2dir:   0%|          | 0/150 [00:00<?, ?it/s]
sample2dir:   1%|          | 1/150 [00:43<1:47:57, 43.47s/it]
sample2dir:   1%|▏         | 2/150 [01:09<1:21:55, 33.21s/it]
sample2dir:   2%|▏         | 3/150 [01:35<1:12:56, 29.77s/it]
sample2dir:   3%|▎         | 4/150 [02:00<1:08:24, 28.11s/it]
sample2dir:   3%|▎         | 5/150 [02:25<1:05:25, 27.07s/it]
sample2dir:   4%|▍         | 6/150 [02:51<1:04:05, 26.70s/it]
sample2dir:   5%|▍         | 7/150 [03:18<1:03:07, 26.49s/it]
sample2dir:   5%|▌         | 8/150 [03:44<1:02:25, 26.38s/it]
sample2dir:   6%|▌         | 9/150 [04:10<1:01:44, 26.28s/it]
sample2dir:   7%|▋         | 10/150 [04:35<1:00:47, 26.05s/it]
sample2dir:   7%|▋         | 11/150 [05:01<1:00:01, 25.91s/it]
sample2dir:   8%|▊         | 12/150 [05:26<59:12, 25.74s/it]  
sample2dir:   9%|▊         | 13/150 [05:52<58:38, 25.68s/it]
sample2dir:   9%|▉         | 14/150 [06:18<58:35, 25.85s/it]
sample2dir:  10%|█         | 15/150 [06:44<58:06, 25.83s/it]
sample2dir:  11%|█         | 16/150 [07:09<57:27, 25.73s/it]
sample2dir:  11%|█▏        | 17/150 [07:35<57:05, 25.76s/it]
sample2dir:  12%|█▏        | 18/150 [08:01<56:27, 25.67s/it]
sample2dir:  13%|█▎        | 19/150 [08:27<56:17, 25.78s/it]
sample2dir:  13%|█▎        | 20/150 [08:53<56:32, 26.10s/it]
sample2dir:  14%|█▍        | 21/150 [09:21<56:57, 26.49s/it]
sample2dir:  15%|█▍        | 22/150 [09:48<56:47, 26.62s/it]
sample2dir:  15%|█▌        | 23/150 [10:15<56:42, 26.79s/it]
sample2dir:  16%|█▌        | 24/150 [10:42<56:28, 26.89s/it]
sample2dir:  17%|█▋        | 25/150 [11:10<56:42, 27.22s/it]
sample2dir:  17%|█▋        | 26/150 [11:37<56:12, 27.20s/it]
sample2dir:  18%|█▊        | 27/150 [12:04<55:48, 27.23s/it]
sample2dir:  19%|█▊        | 28/150 [12:32<55:14, 27.17s/it]
sample2dir:  19%|█▉        | 29/150 [12:59<55:13, 27.39s/it]
sample2dir:  20%|██        | 30/150 [13:27<55:01, 27.51s/it]
sample2dir:  21%|██        | 31/150 [13:55<54:31, 27.49s/it]
sample2dir:  21%|██▏       | 32/150 [14:22<53:49, 27.37s/it]
sample2dir:  22%|██▏       | 33/150 [14:50<53:38, 27.51s/it]
sample2dir:  23%|██▎       | 34/150 [15:17<53:19, 27.58s/it]
sample2dir:  23%|██▎       | 35/150 [15:44<52:29, 27.38s/it]
sample2dir:  24%|██▍       | 36/150 [16:11<51:55, 27.33s/it]
sample2dir:  25%|██▍       | 37/150 [16:38<51:12, 27.19s/it]
sample2dir:  25%|██▌       | 38/150 [17:06<51:17, 27.48s/it]
sample2dir:  26%|██▌       | 39/150 [17:34<50:45, 27.44s/it]
sample2dir:  27%|██▋       | 40/150 [18:01<50:11, 27.38s/it]
sample2dir:  27%|██▋       | 41/150 [18:28<49:37, 27.31s/it]
sample2dir:  28%|██▊       | 42/150 [18:56<49:25, 27.46s/it]
sample2dir:  29%|██▊       | 43/150 [19:23<48:46, 27.35s/it]
sample2dir:  29%|██▉       | 44/150 [19:50<48:14, 27.31s/it]
sample2dir:  30%|███       | 45/150 [20:17<47:33, 27.18s/it]
sample2dir:  31%|███       | 46/150 [20:44<46:58, 27.10s/it]
sample2dir:  31%|███▏      | 47/150 [21:12<46:45, 27.24s/it]
sample2dir:  32%|███▏      | 48/150 [21:39<46:14, 27.20s/it]
sample2dir:  33%|███▎      | 49/150 [22:06<45:51, 27.24s/it]
sample2dir:  33%|███▎      | 50/150 [22:33<45:24, 27.25s/it]
sample2dir:  34%|███▍      | 51/150 [23:01<45:08, 27.36s/it]
sample2dir:  35%|███▍      | 52/150 [23:28<44:40, 27.35s/it]
sample2dir:  35%|███▌      | 53/150 [23:56<44:10, 27.32s/it]
sample2dir:  36%|███▌      | 54/150 [24:23<43:41, 27.31s/it]
sample2dir:  37%|███▋      | 55/150 [24:52<44:00, 27.80s/it]
sample2dir:  37%|███▋      | 56/150 [25:21<44:08, 28.17s/it]
sample2dir:  38%|███▊      | 57/150 [25:50<43:55, 28.34s/it]
sample2dir:  39%|███▊      | 58/150 [26:18<43:31, 28.39s/it]
sample2dir:  39%|███▉      | 59/150 [26:47<43:17, 28.54s/it]
sample2dir:  40%|████      | 60/150 [27:15<42:40, 28.45s/it]
sample2dir:  41%|████      | 61/150 [27:43<42:04, 28.37s/it]
sample2dir:  41%|████▏     | 62/150 [28:13<42:03, 28.68s/it]
sample2dir:  42%|████▏     | 63/150 [28:42<41:56, 28.93s/it]
sample2dir:  43%|████▎     | 64/150 [29:12<41:52, 29.22s/it]
sample2dir:  43%|████▎     | 65/150 [29:41<41:10, 29.06s/it]
sample2dir:  44%|████▍     | 66/150 [30:10<40:36, 29.01s/it]
sample2dir:  45%|████▍     | 67/150 [30:38<39:57, 28.89s/it]
sample2dir:  45%|████▌     | 68/150 [31:07<39:27, 28.88s/it]
sample2dir:  46%|████▌     | 69/150 [31:37<39:11, 29.03s/it]
sample2dir:  47%|████▋     | 70/150 [32:04<38:02, 28.53s/it]
sample2dir:  47%|████▋     | 71/150 [32:30<36:44, 27.90s/it]
sample2dir:  48%|████▊     | 72/150 [32:58<36:18, 27.93s/it]
sample2dir:  49%|████▊     | 73/150 [33:27<36:12, 28.21s/it]
sample2dir:  49%|████▉     | 74/150 [33:56<35:59, 28.42s/it]
sample2dir:  50%|█████     | 75/150 [34:26<35:57, 28.77s/it]
sample2dir:  51%|█████     | 76/150 [34:54<35:18, 28.63s/it]
sample2dir:  51%|█████▏    | 77/150 [35:22<34:39, 28.49s/it]
sample2dir:  52%|█████▏    | 78/150 [35:50<34:03, 28.38s/it]
sample2dir:  53%|█████▎    | 79/150 [36:18<33:24, 28.23s/it]
sample2dir:  53%|█████▎    | 80/150 [36:47<33:00, 28.30s/it]
sample2dir:  54%|█████▍    | 81/150 [37:15<32:33, 28.30s/it]
sample2dir:  55%|█████▍    | 82/150 [37:43<31:55, 28.18s/it]
sample2dir:  55%|█████▌    | 83/150 [38:11<31:29, 28.20s/it]
sample2dir:  56%|█████▌    | 84/150 [38:40<31:10, 28.34s/it]
sample2dir:  57%|█████▋    | 85/150 [39:08<30:39, 28.30s/it]
sample2dir:  57%|█████▋    | 86/150 [39:36<30:13, 28.34s/it]
sample2dir:  58%|█████▊    | 87/150 [40:04<29:31, 28.11s/it]
sample2dir:  59%|█████▊    | 88/150 [40:31<28:33, 27.64s/it]
sample2dir:  59%|█████▉    | 89/150 [40:58<27:59, 27.53s/it]
sample2dir:  60%|██████    | 90/150 [41:26<27:34, 27.58s/it]
sample2dir:  61%|██████    | 91/150 [41:54<27:17, 27.76s/it]
sample2dir:  61%|██████▏   | 92/150 [42:22<27:06, 28.04s/it]
sample2dir:  62%|██████▏   | 93/150 [42:51<26:47, 28.21s/it]
sample2dir:  63%|██████▎   | 94/150 [43:19<26:15, 28.13s/it]
sample2dir:  63%|██████▎   | 95/150 [43:47<25:49, 28.17s/it]
sample2dir:  64%|██████▍   | 96/150 [44:16<25:27, 28.28s/it]
sample2dir:  65%|██████▍   | 97/150 [44:44<25:02, 28.35s/it]
sample2dir:  65%|██████▌   | 98/150 [45:13<24:36, 28.39s/it]
sample2dir:  66%|██████▌   | 99/150 [45:41<24:01, 28.27s/it]
sample2dir:  67%|██████▋   | 100/150 [46:10<23:41, 28.44s/it]
sample2dir:  67%|██████▋   | 101/150 [46:39<23:27, 28.72s/it]
sample2dir:  68%|██████▊   | 102/150 [47:08<23:00, 28.76s/it]
sample2dir:  69%|██████▊   | 103/150 [47:37<22:42, 29.00s/it]
sample2dir:  69%|██████▉   | 104/150 [48:06<22:11, 28.96s/it]
sample2dir:  70%|███████   | 105/150 [48:34<21:22, 28.50s/it]
sample2dir:  71%|███████   | 106/150 [49:01<20:42, 28.24s/it]
sample2dir:  71%|███████▏  | 107/150 [49:29<20:11, 28.18s/it]
sample2dir:  72%|███████▏  | 108/150 [49:58<19:51, 28.37s/it]
sample2dir:  73%|███████▎  | 109/150 [50:27<19:26, 28.46s/it]
sample2dir:  73%|███████▎  | 110/150 [50:55<18:57, 28.44s/it]
sample2dir:  74%|███████▍  | 111/150 [51:23<18:24, 28.31s/it]
sample2dir:  75%|███████▍  | 112/150 [51:51<17:49, 28.15s/it]
sample2dir:  75%|███████▌  | 113/150 [52:20<17:26, 28.29s/it]
sample2dir:  76%|███████▌  | 114/150 [52:48<16:58, 28.30s/it]
sample2dir:  77%|███████▋  | 115/150 [53:16<16:32, 28.35s/it]
sample2dir:  77%|███████▋  | 116/150 [53:45<16:03, 28.33s/it]
sample2dir:  78%|███████▊  | 117/150 [54:13<15:32, 28.25s/it]
sample2dir:  79%|███████▊  | 118/150 [54:41<15:04, 28.27s/it]
sample2dir:  79%|███████▉  | 119/150 [55:09<14:37, 28.30s/it]
sample2dir:  80%|████████  | 120/150 [55:38<14:14, 28.48s/it]
sample2dir:  81%|████████  | 121/150 [56:06<13:42, 28.35s/it]
sample2dir:  81%|████████▏ | 122/150 [56:33<13:01, 27.93s/it]
sample2dir:  82%|████████▏ | 123/150 [57:01<12:27, 27.70s/it]
sample2dir:  83%|████████▎ | 124/150 [57:29<12:02, 27.81s/it]
sample2dir:  83%|████████▎ | 125/150 [57:58<11:43, 28.15s/it]
sample2dir:  84%|████████▍ | 126/150 [58:26<11:19, 28.29s/it]
sample2dir:  85%|████████▍ | 127/150 [58:54<10:49, 28.25s/it]
sample2dir:  85%|████████▌ | 128/150 [59:22<10:19, 28.15s/it]
sample2dir:  86%|████████▌ | 129/150 [59:51<09:57, 28.47s/it]
sample2dir:  87%|████████▋ | 130/150 [1:00:20<09:32, 28.62s/it]
sample2dir:  87%|████████▋ | 131/150 [1:00:49<09:03, 28.58s/it]
sample2dir:  88%|████████▊ | 132/150 [1:01:17<08:34, 28.57s/it]
sample2dir:  89%|████████▊ | 133/150 [1:01:46<08:05, 28.57s/it]
sample2dir:  89%|████████▉ | 134/150 [1:02:15<07:38, 28.65s/it]
sample2dir:  90%|█████████ | 135/150 [1:02:44<07:13, 28.91s/it]
sample2dir:  91%|█████████ | 136/150 [1:03:12<06:39, 28.54s/it]
sample2dir:  91%|█████████▏| 137/150 [1:03:39<06:04, 28.01s/it]
sample2dir:  92%|█████████▏| 138/150 [1:04:06<05:32, 27.71s/it]
sample2dir:  93%|█████████▎| 139/150 [1:04:35<05:08, 28.08s/it]
sample2dir:  93%|█████████▎| 140/150 [1:05:03<04:40, 28.07s/it]
sample2dir:  94%|█████████▍| 141/150 [1:05:31<04:11, 28.00s/it]
sample2dir:  95%|█████████▍| 142/150 [1:05:59<03:45, 28.20s/it]
sample2dir:  95%|█████████▌| 143/150 [1:06:28<03:18, 28.31s/it]
sample2dir:  96%|█████████▌| 144/150 [1:06:56<02:49, 28.32s/it]
sample2dir:  97%|█████████▋| 145/150 [1:07:24<02:20, 28.19s/it]
sample2dir:  97%|█████████▋| 146/150 [1:07:52<01:52, 28.16s/it]
sample2dir:  98%|█████████▊| 147/150 [1:08:20<01:23, 27.92s/it]
sample2dir:  99%|█████████▊| 148/150 [1:08:48<00:55, 27.94s/it]
sample2dir:  99%|█████████▉| 149/150 [1:09:15<00:27, 27.87s/it]
sample2dir: 100%|██████████| 150/150 [1:09:43<00:00, 27.69s/it]
sample2dir: 100%|██████████| 150/150 [1:09:43<00:00, 27.89s/it]
/miniconda3/envs/uvit/lib/python3.9/site-packages/torchvision/models/_utils.py:208: UserWarning: The parameter 'pretrained' is deprecated since 0.13 and may be removed in the future, please use 'weights' instead.
  warnings.warn(
/miniconda3/envs/uvit/lib/python3.9/site-packages/torchvision/models/_utils.py:223: UserWarning: Arguments other than a weight enum or `None` for 'weights' are deprecated since 0.13 and may be removed in the future. The current behavior is equivalent to passing `weights=None`.
  warnings.warn(msg)

  0%|          | 0/600 [00:00<?, ?it/s]
  0%|          | 1/600 [00:19<3:14:48, 19.51s/it]
  0%|          | 3/600 [00:19<51:24,  5.17s/it]  
  1%|          | 6/600 [00:19<20:01,  2.02s/it]
  2%|▏         | 9/600 [00:22<15:14,  1.55s/it]
  2%|▏         | 12/600 [00:23<09:16,  1.06it/s]
  2%|▎         | 15/600 [00:23<06:01,  1.62it/s]
  3%|▎         | 17/600 [00:25<07:52,  1.23it/s]
  3%|▎         | 19/600 [00:26<05:53,  1.64it/s]
  4%|▎         | 22/600 [00:26<03:52,  2.49it/s]
  4%|▍         | 25/600 [00:29<06:06,  1.57it/s]
  5%|▍         | 28/600 [00:29<04:13,  2.26it/s]
  5%|▌         | 31/600 [00:29<02:58,  3.19it/s]
  6%|▌         | 33/600 [00:33<06:03,  1.56it/s]
  6%|▌         | 36/600 [00:33<04:09,  2.26it/s]
  6%|▋         | 39/600 [00:33<02:55,  3.19it/s]
  7%|▋         | 41/600 [00:36<05:28,  1.70it/s]
  7%|▋         | 44/600 [00:36<04:01,  2.30it/s]
  8%|▊         | 47/600 [00:36<02:50,  3.24it/s]
  8%|▊         | 49/600 [00:39<05:20,  1.72it/s]
  8%|▊         | 51/600 [00:40<04:36,  1.98it/s]
  9%|▉         | 54/600 [00:40<03:30,  2.60it/s]
 10%|▉         | 57/600 [00:43<05:18,  1.71it/s]
 10%|▉         | 58/600 [00:44<04:50,  1.86it/s]
 10%|█         | 61/600 [00:44<03:11,  2.81it/s]
 10%|█         | 63/600 [00:44<02:53,  3.10it/s]
 11%|█         | 65/600 [00:47<05:19,  1.67it/s]
 11%|█         | 66/600 [00:47<04:55,  1.81it/s]
 12%|█▏        | 69/600 [00:47<03:02,  2.90it/s]
 12%|█▏        | 71/600 [00:48<02:46,  3.17it/s]
 12%|█▏        | 73/600 [00:50<05:08,  1.71it/s]
 12%|█▏        | 74/600 [00:51<04:33,  1.92it/s]
 13%|█▎        | 77/600 [00:51<02:47,  3.12it/s]
 13%|█▎        | 79/600 [00:52<03:06,  2.79it/s]
 14%|█▎        | 81/600 [00:54<04:47,  1.80it/s]
 14%|█▎        | 82/600 [00:54<04:47,  1.80it/s]
 14%|█▍        | 85/600 [00:54<02:53,  2.97it/s]
 14%|█▍        | 87/600 [00:55<02:48,  3.05it/s]
 15%|█▍        | 89/600 [00:57<04:48,  1.77it/s]
 15%|█▌        | 90/600 [00:58<04:47,  1.77it/s]
 16%|█▌        | 93/600 [00:58<02:54,  2.91it/s]
 16%|█▌        | 95/600 [00:58<02:34,  3.26it/s]
 16%|█▌        | 97/600 [01:01<05:13,  1.61it/s]
 16%|█▋        | 98/600 [01:01<04:43,  1.77it/s]
 17%|█▋        | 101/600 [01:02<02:51,  2.91it/s]
 17%|█▋        | 104/600 [01:02<01:58,  4.20it/s]
 18%|█▊        | 106/600 [01:05<04:49,  1.71it/s]
 18%|█▊        | 109/600 [01:05<03:11,  2.56it/s]
 19%|█▊        | 112/600 [01:05<02:12,  3.69it/s]
 19%|█▉        | 114/600 [01:09<05:25,  1.49it/s]
 20%|█▉        | 117/600 [01:09<03:38,  2.21it/s]
 20%|██        | 120/600 [01:09<02:31,  3.16it/s]
 20%|██        | 122/600 [01:12<04:40,  1.70it/s]
 21%|██        | 125/600 [01:12<03:12,  2.47it/s]
 21%|██▏       | 128/600 [01:12<02:17,  3.44it/s]
 22%|██▏       | 130/600 [01:15<04:41,  1.67it/s]
 22%|██▏       | 133/600 [01:16<03:12,  2.42it/s]
 23%|██▎       | 136/600 [01:16<02:15,  3.42it/s]
 23%|██▎       | 138/600 [01:19<04:43,  1.63it/s]
 24%|██▎       | 141/600 [01:19<03:14,  2.36it/s]
 24%|██▍       | 143/600 [01:19<02:36,  2.92it/s]
 24%|██▍       | 145/600 [01:22<04:01,  1.89it/s]
 24%|██▍       | 146/600 [01:22<04:31,  1.67it/s]
 25%|██▍       | 149/600 [01:23<03:11,  2.35it/s]
 25%|██▌       | 151/600 [01:23<02:40,  2.80it/s]
 25%|██▌       | 152/600 [01:24<02:27,  3.03it/s]
 26%|██▌       | 153/600 [01:26<04:49,  1.54it/s]
 26%|██▌       | 154/600 [01:26<05:02,  1.47it/s]
 26%|██▌       | 157/600 [01:27<02:51,  2.59it/s]
 26%|██▋       | 159/600 [01:27<02:23,  3.07it/s]
 27%|██▋       | 160/600 [01:27<02:17,  3.20it/s]
 27%|██▋       | 161/600 [01:29<04:09,  1.76it/s]
 27%|██▋       | 162/600 [01:30<05:06,  1.43it/s]
 28%|██▊       | 165/600 [01:30<02:48,  2.58it/s]
 28%|██▊       | 167/600 [01:30<02:13,  3.25it/s]
 28%|██▊       | 168/600 [01:31<02:32,  2.84it/s]
 28%|██▊       | 169/600 [01:32<03:34,  2.01it/s]
 28%|██▊       | 170/600 [01:33<05:07,  1.40it/s]
 29%|██▉       | 173/600 [01:34<02:43,  2.61it/s]
 29%|██▉       | 175/600 [01:34<02:16,  3.12it/s]
 29%|██▉       | 176/600 [01:34<02:26,  2.90it/s]
 30%|██▉       | 177/600 [01:35<03:08,  2.25it/s]
 30%|██▉       | 178/600 [01:37<05:10,  1.36it/s]
 30%|███       | 181/600 [01:37<02:44,  2.54it/s]
 30%|███       | 183/600 [01:37<02:14,  3.10it/s]
 31%|███       | 184/600 [01:38<02:12,  3.15it/s]
 31%|███       | 185/600 [01:39<03:46,  1.83it/s]
 31%|███       | 186/600 [01:40<05:03,  1.36it/s]
 32%|███▏      | 189/600 [01:41<02:40,  2.56it/s]
 32%|███▏      | 192/600 [01:41<02:07,  3.19it/s]
 32%|███▏      | 193/600 [01:42<02:53,  2.35it/s]
 32%|███▏      | 194/600 [01:44<04:35,  1.47it/s]
 33%|███▎      | 197/600 [01:44<02:38,  2.54it/s]
 33%|███▎      | 200/600 [01:44<01:58,  3.37it/s]
 34%|███▎      | 201/600 [01:46<03:03,  2.18it/s]
 34%|███▎      | 202/600 [01:47<04:06,  1.62it/s]
 34%|███▍      | 205/600 [01:47<02:24,  2.74it/s]
 35%|███▍      | 208/600 [01:48<02:04,  3.16it/s]
 35%|███▍      | 209/600 [01:49<03:15,  2.00it/s]
 35%|███▌      | 210/600 [01:51<04:33,  1.43it/s]
 36%|███▌      | 213/600 [01:51<02:40,  2.42it/s]
 36%|███▌      | 216/600 [01:52<02:15,  2.83it/s]
 36%|███▌      | 217/600 [01:54<03:28,  1.84it/s]
 36%|███▋      | 218/600 [01:55<04:13,  1.51it/s]
 37%|███▋      | 221/600 [01:55<02:46,  2.28it/s]
 37%|███▋      | 224/600 [01:56<02:03,  3.05it/s]
 38%|███▊      | 225/600 [01:57<03:25,  1.82it/s]
 38%|███▊      | 226/600 [01:59<04:02,  1.54it/s]
 38%|███▊      | 229/600 [01:59<02:51,  2.17it/s]
 39%|███▊      | 232/600 [02:00<02:03,  2.99it/s]
 39%|███▉      | 233/600 [02:02<03:39,  1.67it/s]
 39%|███▉      | 234/600 [02:02<03:44,  1.63it/s]
 40%|███▉      | 237/600 [02:03<02:45,  2.19it/s]
 40%|████      | 240/600 [02:03<01:47,  3.35it/s]
 40%|████      | 241/600 [02:06<03:51,  1.55it/s]
 40%|████      | 242/600 [02:07<04:00,  1.49it/s]
 41%|████      | 245/600 [02:07<02:32,  2.33it/s]
 41%|████▏     | 248/600 [02:07<01:39,  3.55it/s]
 42%|████▏     | 250/600 [02:10<03:43,  1.57it/s]
 42%|████▏     | 253/600 [02:11<02:47,  2.07it/s]
 43%|████▎     | 256/600 [02:11<01:53,  3.02it/s]
 43%|████▎     | 258/600 [02:14<03:36,  1.58it/s]
 44%|████▎     | 261/600 [02:14<02:27,  2.30it/s]
 44%|████▍     | 264/600 [02:15<01:56,  2.88it/s]
 44%|████▍     | 265/600 [02:17<03:25,  1.63it/s]
 44%|████▍     | 266/600 [02:18<03:35,  1.55it/s]
 45%|████▍     | 269/600 [02:18<02:11,  2.52it/s]
 45%|████▌     | 272/600 [02:19<01:43,  3.16it/s]
 46%|████▌     | 273/600 [02:21<03:24,  1.60it/s]
 46%|████▌     | 274/600 [02:22<04:09,  1.31it/s]
 46%|████▌     | 277/600 [02:23<02:26,  2.20it/s]
 47%|████▋     | 280/600 [02:23<01:35,  3.37it/s]
 47%|████▋     | 282/600 [02:27<03:57,  1.34it/s]
 48%|████▊     | 285/600 [02:27<02:34,  2.03it/s]
 48%|████▊     | 288/600 [02:27<01:45,  2.96it/s]
 48%|████▊     | 290/600 [02:31<04:05,  1.26it/s]
 49%|████▉     | 293/600 [02:31<02:43,  1.87it/s]
 49%|████▉     | 296/600 [02:32<01:53,  2.69it/s]
 50%|████▉     | 298/600 [02:39<05:48,  1.16s/it]
 50%|█████     | 301/600 [02:39<03:52,  1.28it/s]
 51%|█████     | 304/600 [02:39<02:39,  1.86it/s]
 51%|█████     | 306/600 [02:49<07:30,  1.53s/it]
 52%|█████▏    | 309/600 [02:49<04:59,  1.03s/it]
 52%|█████▏    | 312/600 [02:49<03:24,  1.41it/s]
 52%|█████▏    | 314/600 [02:58<08:00,  1.68s/it]
 53%|█████▎    | 317/600 [02:59<05:19,  1.13s/it]
 53%|█████▎    | 320/600 [02:59<03:37,  1.29it/s]
 54%|█████▎    | 322/600 [03:08<08:03,  1.74s/it]
 54%|█████▍    | 325/600 [03:08<05:21,  1.17s/it]
 55%|█████▍    | 328/600 [03:09<03:38,  1.25it/s]
 55%|█████▌    | 330/600 [03:18<07:33,  1.68s/it]
 56%|█████▌    | 333/600 [03:18<05:02,  1.13s/it]
 56%|█████▌    | 336/600 [03:18<03:25,  1.29it/s]
 56%|█████▋    | 338/600 [03:28<07:37,  1.75s/it]
 57%|█████▋    | 341/600 [03:28<05:04,  1.18s/it]
 57%|█████▋    | 344/600 [03:28<03:26,  1.24it/s]
 58%|█████▊    | 346/600 [03:38<07:32,  1.78s/it]
 58%|█████▊    | 349/600 [03:38<05:00,  1.20s/it]
 59%|█████▊    | 352/600 [03:38<03:23,  1.22it/s]
 59%|█████▉    | 354/600 [03:47<07:01,  1.71s/it]
 60%|█████▉    | 357/600 [03:47<04:40,  1.15s/it]
 60%|██████    | 360/600 [03:48<03:09,  1.26it/s]
 60%|██████    | 362/600 [03:57<06:49,  1.72s/it]
 61%|██████    | 365/600 [03:57<04:31,  1.16s/it]
 61%|██████▏   | 368/600 [03:57<03:04,  1.26it/s]
 62%|██████▏   | 370/600 [04:07<06:45,  1.76s/it]
 62%|██████▏   | 373/600 [04:07<04:28,  1.18s/it]
 63%|██████▎   | 376/600 [04:07<03:01,  1.23it/s]
 63%|██████▎   | 378/600 [04:16<06:19,  1.71s/it]
 64%|██████▎   | 381/600 [04:17<04:11,  1.15s/it]
 64%|██████▍   | 384/600 [04:17<02:50,  1.27it/s]
 64%|██████▍   | 386/600 [04:27<06:25,  1.80s/it]
 65%|██████▍   | 389/600 [04:27<04:15,  1.21s/it]
 65%|██████▌   | 392/600 [04:27<02:53,  1.20it/s]
 66%|██████▌   | 395/600 [04:36<05:00,  1.46s/it]
 66%|██████▋   | 398/600 [04:36<03:26,  1.02s/it]
 67%|██████▋   | 401/600 [04:40<03:42,  1.12s/it]
 67%|██████▋   | 403/600 [04:41<03:28,  1.06s/it]
 68%|██████▊   | 406/600 [04:42<02:20,  1.38it/s]
 68%|██████▊   | 409/600 [04:43<02:06,  1.50it/s]
 68%|██████▊   | 410/600 [04:45<02:29,  1.27it/s]
 69%|██████▉   | 413/600 [04:45<01:36,  1.93it/s]
 69%|██████▉   | 416/600 [04:45<01:05,  2.80it/s]
 70%|██████▉   | 418/600 [04:49<02:10,  1.39it/s]
 70%|███████   | 421/600 [04:49<01:26,  2.06it/s]
 71%|███████   | 424/600 [04:49<00:59,  2.96it/s]
 71%|███████   | 426/600 [04:53<01:59,  1.45it/s]
 72%|███████▏  | 429/600 [04:53<01:20,  2.13it/s]
 72%|███████▏  | 432/600 [04:53<00:55,  3.04it/s]
 72%|███████▏  | 434/600 [04:57<02:00,  1.38it/s]
 73%|███████▎  | 436/600 [04:57<01:31,  1.79it/s]
 73%|███████▎  | 438/600 [04:57<01:08,  2.35it/s]
 74%|███████▎  | 441/600 [04:58<01:03,  2.50it/s]
 74%|███████▍  | 443/600 [05:01<01:49,  1.44it/s]
 74%|███████▍  | 446/600 [05:01<01:11,  2.15it/s]
 75%|███████▍  | 449/600 [05:02<00:59,  2.56it/s]
 75%|███████▌  | 450/600 [05:05<01:52,  1.33it/s]
 76%|███████▌  | 453/600 [05:05<01:11,  2.05it/s]
 76%|███████▌  | 456/600 [05:05<00:48,  2.99it/s]
 76%|███████▋  | 458/600 [05:10<01:49,  1.29it/s]
 77%|███████▋  | 461/600 [05:10<01:12,  1.92it/s]
 77%|███████▋  | 464/600 [05:10<00:49,  2.76it/s]
 78%|███████▊  | 466/600 [05:14<01:49,  1.22it/s]
 78%|███████▊  | 469/600 [05:14<01:12,  1.80it/s]
 79%|███████▊  | 472/600 [05:15<00:49,  2.57it/s]
 79%|███████▉  | 474/600 [05:18<01:32,  1.36it/s]
 80%|███████▉  | 477/600 [05:18<01:01,  2.00it/s]
 80%|████████  | 480/600 [05:19<00:42,  2.84it/s]
 80%|████████  | 482/600 [05:22<01:26,  1.37it/s]
 81%|████████  | 485/600 [05:23<00:57,  2.00it/s]
 81%|████████▏ | 488/600 [05:23<00:39,  2.85it/s]
 82%|████████▏ | 490/600 [05:27<01:21,  1.36it/s]
 82%|████████▏ | 493/600 [05:27<00:54,  1.98it/s]
 83%|████████▎ | 496/600 [05:27<00:36,  2.82it/s]
 83%|████████▎ | 498/600 [05:31<01:20,  1.27it/s]
 84%|████████▎ | 501/600 [05:31<00:53,  1.86it/s]
 84%|████████▍ | 504/600 [05:32<00:36,  2.65it/s]
 84%|████████▍ | 506/600 [05:35<01:07,  1.39it/s]
 85%|████████▍ | 509/600 [05:35<00:44,  2.03it/s]
 85%|████████▌ | 512/600 [05:36<00:30,  2.88it/s]
 86%|████████▌ | 514/600 [05:39<01:00,  1.42it/s]
 86%|████████▌ | 517/600 [05:39<00:40,  2.07it/s]
 87%|████████▋ | 520/600 [05:39<00:27,  2.95it/s]
 87%|████████▋ | 522/600 [05:43<00:55,  1.41it/s]
 88%|████████▊ | 525/600 [05:43<00:36,  2.06it/s]
 88%|████████▊ | 528/600 [05:44<00:25,  2.87it/s]
 88%|████████▊ | 530/600 [05:48<00:50,  1.38it/s]
 89%|████████▉ | 533/600 [05:48<00:33,  2.01it/s]
 89%|████████▉ | 536/600 [05:48<00:22,  2.86it/s]
 90%|████████▉ | 538/600 [05:52<00:46,  1.33it/s]
 90%|█████████ | 541/600 [05:52<00:30,  1.94it/s]
 91%|█████████ | 544/600 [05:52<00:20,  2.77it/s]
 91%|█████████ | 546/600 [05:56<00:38,  1.39it/s]
 92%|█████████▏| 549/600 [05:56<00:25,  2.03it/s]
 92%|█████████▏| 552/600 [05:56<00:16,  2.90it/s]
 92%|█████████▏| 554/600 [06:00<00:34,  1.33it/s]
 93%|█████████▎| 557/600 [06:00<00:22,  1.94it/s]
 93%|█████████▎| 560/600 [06:01<00:14,  2.76it/s]
 94%|█████████▎| 562/600 [06:05<00:28,  1.33it/s]
 94%|█████████▍| 565/600 [06:05<00:18,  1.94it/s]
 95%|█████████▍| 568/600 [06:05<00:11,  2.77it/s]
 95%|█████████▌| 570/600 [06:09<00:21,  1.41it/s]
 96%|█████████▌| 573/600 [06:09<00:13,  2.06it/s]
 96%|█████████▌| 576/600 [06:09<00:08,  2.92it/s]
 96%|█████████▋| 578/600 [06:12<00:15,  1.45it/s]
 97%|█████████▋| 581/600 [06:13<00:08,  2.12it/s]
 97%|█████████▋| 584/600 [06:13<00:05,  3.01it/s]
 98%|█████████▊| 586/600 [06:17<00:10,  1.37it/s]
 98%|█████████▊| 589/600 [06:17<00:05,  2.00it/s]
 99%|█████████▊| 592/600 [06:17<00:02,  2.85it/s]
 99%|█████████▉| 594/600 [06:22<00:05,  1.17it/s]
100%|█████████▉| 597/600 [06:22<00:01,  1.72it/s]
100%|██████████| 600/600 [06:22<00:00,  2.46it/s]
100%|██████████| 600/600 [06:23<00:00,  1.57it/s]
2024-11-11 14:14:43,937 - eval_t2i_discrete.py - nnet_path=U-ViT/workdir/mscoco_uvit_small/default/ckpts/850000.ckpt/nnet_ema.pth, fid=5.995620004079626
